<?xml version="1.0" encoding="UTF-8"?>
<testsuite name="com.n26.main.AsyncSaveTransactionTest" time="0" tests="1" errors="0" skipped="1" failures="0">
  <properties>
[...]
</properties>
  <testcase name="com.n26.main.AsyncSaveTransactionTest" classname="com.n26.main.AsyncSaveTransactionTest" time="0">
    <skipped/>
    <system-out><![CDATA[19:20:30.072 [main] DEBUG org.springframework.test.context.junit4.SpringJUnit4ClassRunner - SpringJUnit4ClassRunner constructor called with [class com.n26.main.AsyncTransactionMixTest]
19:20:30.088 [main] DEBUG org.springframework.test.context.BootstrapUtils - Instantiating CacheAwareContextLoaderDelegate from class [org.springframework.test.context.cache.DefaultCacheAwareContextLoaderDelegate]
19:20:30.105 [main] DEBUG org.springframework.test.context.BootstrapUtils - Instantiating BootstrapContext using constructor [public org.springframework.test.context.support.DefaultBootstrapContext(java.lang.Class,org.springframework.test.context.CacheAwareContextLoaderDelegate)]
19:20:30.124 [main] DEBUG org.springframework.test.context.BootstrapUtils - Instantiating TestContextBootstrapper for test class [com.n26.main.AsyncTransactionMixTest] from class [org.springframework.boot.test.context.SpringBootTestContextBootstrapper]
19:20:30.133 [main] INFO org.springframework.boot.test.context.SpringBootTestContextBootstrapper - Neither @ContextConfiguration nor @ContextHierarchy found for test class [com.n26.main.AsyncTransactionMixTest], using SpringBootContextLoader
19:20:30.137 [main] DEBUG org.springframework.test.context.support.AbstractContextLoader - Did not detect default resource location for test class [com.n26.main.AsyncTransactionMixTest]: class path resource [com/n26/main/AsyncTransactionMixTest-context.xml] does not exist
19:20:30.137 [main] DEBUG org.springframework.test.context.support.AbstractContextLoader - Did not detect default resource location for test class [com.n26.main.AsyncTransactionMixTest]: class path resource [com/n26/main/AsyncTransactionMixTestContext.groovy] does not exist
19:20:30.137 [main] INFO org.springframework.test.context.support.AbstractContextLoader - Could not detect default resource locations for test class [com.n26.main.AsyncTransactionMixTest]: no resource found for suffixes {-context.xml, Context.groovy}.
19:20:30.138 [main] INFO org.springframework.test.context.support.AnnotationConfigContextLoaderUtils - Could not detect default configuration classes for test class [com.n26.main.AsyncTransactionMixTest]: AsyncTransactionMixTest does not declare any static, non-private, non-final, nested classes annotated with @Configuration.
19:20:30.180 [main] DEBUG org.springframework.test.context.support.ActiveProfilesUtils - Could not find an 'annotation declaring class' for annotation type [org.springframework.test.context.ActiveProfiles] and class [com.n26.main.AsyncTransactionMixTest]
19:20:30.191 [main] DEBUG org.springframework.core.env.StandardEnvironment - Adding [systemProperties] PropertySource with lowest search precedence
19:20:30.192 [main] DEBUG org.springframework.core.env.StandardEnvironment - Adding [systemEnvironment] PropertySource with lowest search precedence
19:20:30.192 [main] DEBUG org.springframework.core.env.StandardEnvironment - Initialized StandardEnvironment with PropertySources [systemProperties,systemEnvironment]
19:20:30.205 [main] DEBUG org.springframework.core.io.support.PathMatchingResourcePatternResolver - Resolved classpath location [com/n26/main/] to resources [URL [file:/D:/GIT/TransactionMonitor/target/test-classes/com/n26/main/], URL [file:/D:/GIT/TransactionMonitor/target/classes/com/n26/main/]]
19:20:30.206 [main] DEBUG org.springframework.core.io.support.PathMatchingResourcePatternResolver - Looking for matching resources in directory tree [D:\GIT\TransactionMonitor\target\test-classes\com\n26\main]
19:20:30.206 [main] DEBUG org.springframework.core.io.support.PathMatchingResourcePatternResolver - Searching directory [D:\GIT\TransactionMonitor\target\test-classes\com\n26\main] for files matching pattern [D:/GIT/TransactionMonitor/target/test-classes/com/n26/main/*.class]
19:20:30.212 [main] DEBUG org.springframework.core.io.support.PathMatchingResourcePatternResolver - Looking for matching resources in directory tree [D:\GIT\TransactionMonitor\target\classes\com\n26\main]
19:20:30.212 [main] DEBUG org.springframework.core.io.support.PathMatchingResourcePatternResolver - Searching directory [D:\GIT\TransactionMonitor\target\classes\com\n26\main] for files matching pattern [D:/GIT/TransactionMonitor/target/classes/com/n26/main/*.class]
19:20:30.213 [main] DEBUG org.springframework.core.io.support.PathMatchingResourcePatternResolver - Resolved location pattern [classpath*:com/n26/main/*.class] to resources [file [D:\GIT\TransactionMonitor\target\test-classes\com\n26\main\AbstractControllerTest.class], file [D:\GIT\TransactionMonitor\target\test-classes\com\n26\main\AbstractTest.class], file [D:\GIT\TransactionMonitor\target\test-classes\com\n26\main\AsyncSaveTransactionTest.class], file [D:\GIT\TransactionMonitor\target\test-classes\com\n26\main\AsyncTransactionMixTest.class], file [D:\GIT\TransactionMonitor\target\test-classes\com\n26\main\AsyncTransactionSequenceTest.class], file [D:\GIT\TransactionMonitor\target\test-classes\com\n26\main\AsyncTransactionStatisticsTest.class], file [D:\GIT\TransactionMonitor\target\classes\com\n26\main\MainTransactionMonitor.class]]
19:20:30.261 [main] DEBUG org.springframework.context.annotation.ClassPathScanningCandidateComponentProvider - Identified candidate component class: file [D:\GIT\TransactionMonitor\target\classes\com\n26\main\MainTransactionMonitor.class]
19:20:30.263 [main] INFO org.springframework.boot.test.context.SpringBootTestContextBootstrapper - Found @SpringBootConfiguration com.n26.main.MainTransactionMonitor for test class com.n26.main.AsyncTransactionMixTest
19:20:30.265 [main] DEBUG org.springframework.boot.test.context.SpringBootTestContextBootstrapper - @TestExecutionListeners is not present for class [com.n26.main.AsyncTransactionMixTest]: using defaults.
19:20:30.269 [main] INFO org.springframework.boot.test.context.SpringBootTestContextBootstrapper - Loaded default TestExecutionListener class names from location [META-INF/spring.factories]: [org.springframework.boot.test.mock.mockito.MockitoTestExecutionListener, org.springframework.boot.test.mock.mockito.ResetMocksTestExecutionListener, org.springframework.boot.test.autoconfigure.restdocs.RestDocsTestExecutionListener, org.springframework.boot.test.autoconfigure.web.client.MockRestServiceServerResetTestExecutionListener, org.springframework.boot.test.autoconfigure.web.servlet.MockMvcPrintOnlyOnFailureTestExecutionListener, org.springframework.boot.test.autoconfigure.web.servlet.WebDriverTestExecutionListener, org.springframework.test.context.web.ServletTestExecutionListener, org.springframework.test.context.support.DirtiesContextBeforeModesTestExecutionListener, org.springframework.test.context.support.DependencyInjectionTestExecutionListener, org.springframework.test.context.support.DirtiesContextTestExecutionListener, org.springframework.test.context.transaction.TransactionalTestExecutionListener, org.springframework.test.context.jdbc.SqlScriptsTestExecutionListener]
19:20:30.281 [main] INFO org.springframework.boot.test.context.SpringBootTestContextBootstrapper - Could not instantiate TestExecutionListener [org.springframework.test.context.jdbc.SqlScriptsTestExecutionListener]. Specify custom listener classes or make the default listener classes (and their required dependencies) available. Offending class: [org/springframework/transaction/interceptor/TransactionAttribute]
19:20:30.282 [main] INFO org.springframework.boot.test.context.SpringBootTestContextBootstrapper - Could not instantiate TestExecutionListener [org.springframework.test.context.transaction.TransactionalTestExecutionListener]. Specify custom listener classes or make the default listener classes (and their required dependencies) available. Offending class: [org/springframework/transaction/interceptor/TransactionAttributeSource]
19:20:30.286 [main] INFO org.springframework.boot.test.context.SpringBootTestContextBootstrapper - Using TestExecutionListeners: [org.springframework.test.context.web.ServletTestExecutionListener@4f51b3e0, org.springframework.test.context.support.DirtiesContextBeforeModesTestExecutionListener@4b9e255, org.springframework.boot.test.autoconfigure.SpringBootDependencyInjectionTestExecutionListener@5e57643e, org.springframework.test.context.support.DirtiesContextTestExecutionListener@133e16fd, org.springframework.boot.test.mock.mockito.MockitoTestExecutionListener@51b279c9, org.springframework.boot.test.autoconfigure.restdocs.RestDocsTestExecutionListener@1ad282e0, org.springframework.boot.test.mock.mockito.ResetMocksTestExecutionListener@7f416310, org.springframework.boot.test.autoconfigure.web.client.MockRestServiceServerResetTestExecutionListener@1cab0bfb, org.springframework.boot.test.autoconfigure.web.servlet.MockMvcPrintOnlyOnFailureTestExecutionListener@5e955596, org.springframework.boot.test.autoconfigure.web.servlet.WebDriverTestExecutionListener@50de0926]
19:20:30.289 [main] DEBUG org.springframework.test.annotation.ProfileValueUtils - Retrieved @ProfileValueSourceConfiguration [null] for test class [com.n26.main.AsyncTransactionMixTest]
19:20:30.290 [main] DEBUG org.springframework.test.annotation.ProfileValueUtils - Retrieved ProfileValueSource type [class org.springframework.test.annotation.SystemProfileValueSource] for class [com.n26.main.AsyncTransactionMixTest]
]]></system-out>
  </testcase>
</testsuite>